<?xml version="1.0" encoding="UTF-8"?>
<testng-results ignored="0" total="1" passed="1" failed="0" skipped="0">
  <reporter-output>
  </reporter-output>
  <suite started-at="2022-12-10T15:59:16 AEST" name="Default suite" finished-at="2022-12-10T15:59:18 AEST" duration-ms="2155">
    <groups>
    </groups>
    <test started-at="2022-12-10T15:59:16 AEST" name="Default test" finished-at="2022-12-10T15:59:18 AEST" duration-ms="2155">
      <class name="restApi.DeleteRequest">
        <test-method signature="test1()[pri:0, instance:restApi.DeleteRequest@be35cd9]" started-at="2022-12-10T15:59:16 AEST" name="test1" finished-at="2022-12-10T15:59:18 AEST" duration-ms="2128" status="PASS">
          <reporter-output>
          </reporter-output>
        </test-method> <!-- test1 -->
      </class> <!-- restApi.DeleteRequest -->
    </test> <!-- Default test -->
  </suite> <!-- Default suite -->
</testng-results>
